TN:
SF:src\modules\appointments\services\CreateAppointmentService.ts
FN:16,(anonymous_18)
FN:17,CreateAppointmentService
FN:22,(anonymous_20)
FNF:3
FNH:3
FNDA:1,(anonymous_18)
FNDA:2,CreateAppointmentService
FNDA:3,(anonymous_20)
DA:1,1
DA:2,1
DA:4,1
DA:16,1
DA:19,2
DA:22,3
DA:23,3
DA:25,3
DA:29,3
DA:30,1
DA:33,2
DA:38,2
DA:40,1
DA:42,1
LF:14
LH:14
BRDA:29,0,0,1
BRDA:29,0,1,2
BRF:2
BRH:2
end_of_record
TN:
SF:src\modules\users\services\AuthenticateUserService.ts
FN:25,(anonymous_18)
FN:26,AuthenticateUserService
FN:34,(anonymous_20)
FNF:3
FNH:3
FNDA:1,(anonymous_18)
FNDA:3,AuthenticateUserService
FNDA:3,(anonymous_20)
DA:1,1
DA:2,1
DA:4,1
DA:6,1
DA:25,1
DA:28,3
DA:31,3
DA:34,3
DA:35,3
DA:37,3
DA:38,1
DA:41,2
DA:46,2
DA:47,1
DA:50,1
DA:52,1
DA:57,1
DA:62,1
DA:64,1
LF:19
LH:19
BRDA:35,0,0,3
BRDA:37,1,0,1
BRDA:37,1,1,2
BRDA:46,2,0,1
BRDA:46,2,1,1
BRF:5
BRH:5
end_of_record
TN:
SF:src\modules\users\services\CreateUserService.ts
FN:18,(anonymous_18)
FN:19,CreateUserService
FN:27,(anonymous_20)
FNF:3
FNH:3
FNDA:2,(anonymous_18)
FNDA:5,CreateUserService
FNDA:5,(anonymous_20)
DA:1,2
DA:3,2
DA:18,2
DA:21,5
DA:24,5
DA:27,5
DA:28,5
DA:30,5
DA:31,1
DA:34,4
DA:36,4
DA:42,4
DA:44,2
DA:46,2
LF:14
LH:14
BRDA:28,0,0,5
BRDA:30,1,0,1
BRDA:30,1,1,4
BRF:3
BRH:3
end_of_record
TN:
SF:src\modules\users\services\ResetPasswordService.ts
FN:19,(anonymous_18)
FN:20,ResetPasswordService
FN:31,(anonymous_20)
FNF:3
FNH:3
FNDA:1,(anonymous_18)
FNDA:4,ResetPasswordService
FNDA:4,(anonymous_20)
DA:1,1
DA:2,1
DA:4,1
DA:19,1
DA:22,4
DA:25,4
DA:28,4
DA:31,4
DA:32,4
DA:34,4
DA:35,1
DA:38,3
DA:40,3
DA:41,1
DA:44,2
DA:46,2
DA:47,1
DA:50,1
DA:52,2
DA:54,1
DA:56,1
LF:21
LH:21
BRDA:32,0,0,4
BRDA:34,1,0,1
BRDA:34,1,1,3
BRDA:40,2,0,1
BRDA:40,2,1,2
BRDA:46,3,0,1
BRDA:46,3,1,1
BRF:7
BRH:7
end_of_record
TN:
SF:src\modules\users\services\SendForgotPasswordEmailService.ts
FN:17,(anonymous_18)
FN:18,SendForgotPasswordEmailService
FN:29,(anonymous_20)
FNF:3
FNH:3
FNDA:1,(anonymous_18)
FNDA:3,SendForgotPasswordEmailService
FNDA:3,(anonymous_20)
DA:1,1
DA:2,1
DA:4,1
DA:17,1
DA:20,3
DA:23,3
DA:26,3
DA:29,3
DA:30,3
DA:32,3
DA:33,1
DA:36,2
DA:38,2
DA:45,4
DA:60,1
DA:62,1
LF:16
LH:16
BRDA:30,0,0,3
BRDA:32,1,0,1
BRDA:32,1,1,2
BRF:3
BRH:3
end_of_record
TN:
SF:src\modules\users\services\ShowProfileService.ts
FN:14,(anonymous_18)
FN:15,ShowProfileService
FN:20,(anonymous_20)
FNF:3
FNH:3
FNDA:1,(anonymous_18)
FNDA:2,ShowProfileService
FNDA:2,(anonymous_20)
DA:1,1
DA:3,1
DA:14,1
DA:17,2
DA:20,2
DA:21,2
DA:23,2
DA:24,1
DA:27,1
DA:29,1
DA:31,1
LF:11
LH:11
BRDA:21,0,0,2
BRDA:23,1,0,1
BRDA:23,1,1,1
BRF:3
BRH:3
end_of_record
TN:
SF:src\modules\users\services\UpdateProfileService.ts
FN:20,(anonymous_18)
FN:21,UpdateProfileService
FN:29,(anonymous_20)
FNF:3
FNH:3
FNDA:1,(anonymous_18)
FNDA:6,UpdateProfileService
FNDA:6,(anonymous_20)
DA:1,1
DA:3,1
DA:20,1
DA:23,6
DA:26,6
DA:29,1
DA:30,6
DA:31,6
DA:32,6
DA:33,6
DA:34,6
DA:36,6
DA:38,6
DA:39,1
DA:42,5
DA:44,5
DA:45,1
DA:48,4
DA:49,4
DA:51,4
DA:52,1
DA:57,4
DA:58,2
DA:63,2
DA:64,1
DA:67,1
DA:70,2
DA:72,1
DA:74,1
LF:29
LH:29
BRDA:36,0,0,6
BRDA:36,0,1,2
BRDA:38,1,0,1
BRDA:38,1,1,5
BRDA:44,2,0,1
BRDA:44,2,1,4
BRDA:44,3,0,5
BRDA:44,3,1,1
BRDA:51,4,0,1
BRDA:51,4,1,3
BRDA:51,5,0,4
BRDA:51,5,1,3
BRDA:57,6,0,1
BRDA:57,6,1,2
BRDA:57,7,0,3
BRDA:57,7,1,2
BRDA:63,8,0,1
BRDA:63,8,1,1
BRF:18
BRH:18
end_of_record
TN:
SF:src\modules\users\services\UpdateUserAvatarService.ts
FN:17,(anonymous_18)
FN:18,UpdateUserAvatarService
FN:26,(anonymous_20)
FNF:3
FNH:3
FNDA:1,(anonymous_18)
FNDA:3,UpdateUserAvatarService
FNDA:4,(anonymous_20)
DA:1,1
DA:3,1
DA:17,1
DA:20,3
DA:23,3
DA:26,4
DA:27,4
DA:29,4
DA:30,1
DA:33,5
DA:34,2
DA:37,3
DA:39,3
DA:41,6
DA:43,3
DA:45,1
DA:47,1
LF:17
LH:17
BRDA:27,0,0,4
BRDA:27,0,1,3
BRDA:29,1,0,1
BRDA:29,1,1,3
BRDA:33,2,0,2
BRDA:33,2,1,1
BRF:6
BRH:6
end_of_record
